<?xml version="1.0" encoding="UTF-8"?>
<!-- Generated by org.testng.reporters.JUnitXMLReporter -->
<testsuite ignored="0" hostname="DESKTOP-S6MV8ON" failures="0" tests="3" name="Default test" time="43.53" errors="0" timestamp="2024-06-10T01:28:25 BDT">
  <testcase classname="Test.Task1" name="create_event" time="18.06"/>
  <testcase classname="Test.Task1" name="sign_in" time="7.85"/>
  <testcase classname="Test.Task1" name="mark_availability" time="17.521"/>
</testsuite> <!-- Default test -->
